  launch.cpp
  translator.cpp
C:\Users\galstyan.2017\Desktop\My-project\translator\lab4\lab2\translator.cpp(130,18): warning C4018: <: несоответствие типов со знаком и без знака
C:\Users\galstyan.2017\Desktop\My-project\translator\lab4\lab2\translator.cpp(159,18): warning C4018: <: несоответствие типов со знаком и без знака
C:\Users\galstyan.2017\Desktop\My-project\translator\lab4\lab2\translator.cpp(194,10): warning C4101: i: неиспользованная локальная переменная
C:\Users\galstyan.2017\Desktop\My-project\translator\lab4\lab2\translator.cpp(336,20): warning C4018: <: несоответствие типов со знаком и без знака
C:\Users\galstyan.2017\Desktop\My-project\translator\lab4\lab2\translator.cpp(432,24): warning C4018: <: несоответствие типов со знаком и без знака
C:\Users\galstyan.2017\Desktop\My-project\translator\lab4\lab2\translator.cpp(321,6): warning C4101: id_numb: неиспользованная локальная переменная
C:\Users\galstyan.2017\Desktop\My-project\translator\lab4\lab2\translator.cpp(516,20): warning C4018: <: несоответствие типов со знаком и без знака
C:\Users\galstyan.2017\Desktop\My-project\translator\lab4\lab2\translator.cpp(528,21): warning C4018: <: несоответствие типов со знаком и без знака
C:\Users\galstyan.2017\Desktop\My-project\translator\lab4\lab2\translator.cpp(554,44): warning C4018: <: несоответствие типов со знаком и без знака
C:\Users\galstyan.2017\Desktop\My-project\translator\lab4\lab2\translator.cpp(574,20): warning C4018: >: несоответствие типов со знаком и без знака
C:\Users\galstyan.2017\Desktop\My-project\translator\lab4\lab2\const_table.h(65,22): warning C4018: <: несоответствие типов со знаком и без знака
C:\Users\galstyan.2017\Desktop\My-project\translator\lab4\lab2\const_table.h(64): message : во время компиляции функции-члена класс шаблон "bool const_table<std::string>::get_elemen_value(int,Table_type &)"
          with
          [
              Table_type=std::string
          ]
C:\Users\galstyan.2017\Desktop\My-project\translator\lab4\lab2\translator.cpp(58): message : выполняется компиляция ссылки на экземпляр шаблон функции "bool const_table<std::string>::get_elemen_value(int,Table_type &)"
          with
          [
              Table_type=std::string
          ]
C:\Users\galstyan.2017\Desktop\My-project\translator\lab4\lab2\translator.h(57): message : выполняется компиляция ссылки на экземпляр класс шаблон функции "const_table<std::string>"
  variable_table.cpp
C:\Users\galstyan.2017\Desktop\My-project\translator\lab4\lab2\variable_table.cpp(37,53): warning C4018: <: несоответствие типов со знаком и без знака
C:\Users\galstyan.2017\Desktop\My-project\translator\lab4\lab2\variable_table.cpp(45,53): warning C4018: <: несоответствие типов со знаком и без знака
C:\Users\galstyan.2017\Desktop\My-project\translator\lab4\lab2\variable_table.cpp(62,19): warning C4018: <: несоответствие типов со знаком и без знака
C:\Users\galstyan.2017\Desktop\My-project\translator\lab4\lab2\variable_table.cpp(85,53): warning C4018: <: несоответствие типов со знаком и без знака
  Previous IPDB not found, fall back to full compilation.
  Создание кода
C:\Users\galstyan.2017\Desktop\My-project\translator\lab4\lab2\translator.cpp(989): warning C4715: translator::check_tree_type: значение возвращается не при всех путях выполнения
  All 922 functions were compiled because no usable IPDB/IOBJ from previous compilation was found.
  Создание кода завершено
  lab2.vcxproj -> C:\Users\galstyan.2017\Desktop\My-project\translator\lab4\Release\lab234.exe
